<?xml version="1.0" encoding="UTF-8"?>
<!-- Generated by org.testng.reporters.JUnitXMLReporter -->
<testsuite ignored="0" hostname="DESKTOP-GBB34UC" failures="0" tests="4" name="Test_Runner 1" time="57.999" errors="0" timestamp="2022-11-13T15:49:19 IST">
  <testcase classname="vTiger.ContactsTests.CreateContactTest" name="createContactDemoTest" time="0.01"/>
  <testcase classname="vTiger.ContactsTests.CreateContactTest" name="createContactTest" time="18.638"/>
  <testcase classname="vTiger.ContactsTests.CreateContactTest" name="createContactWithLeadSource" time="0.006"/>
  <testcase classname="vTiger.ContactsTests.CreateContactTest" name="createContactWithLeadSourceAndOrg" time="0.001"/>
</testsuite> <!-- Test_Runner 1 -->
