<?xml version="1.0" encoding="UTF-8"?>
<!-- Generated by org.testng.reporters.JUnitXMLReporter -->
<testsuite ignored="4" hostname="DESKTOP-GBB34UC" failures="0" tests="6" name="Test" time="152.336" errors="0" timestamp="2022-11-15T10:10:26 IST">
  <testcase classname="vTiger.ContactsTests.CreateContactTest" name="createContactDemoTest" time="0.089"/>
  <testcase classname="vTiger.ContactsTests.CreateContactTest" name="createContactTest" time="26.042"/>
  <testcase classname="vTiger.ContactsTests.CreateContactTest" name="createContactWithLeadSource" time="0.001"/>
  <testcase classname="vTiger.ContactsTests.CreateContactTest" name="createContactWithLeadSourceAndOrg" time="0.002"/>
  <testcase classname="vTiger.ContactsTests.CreateContactWithOrganizationTest" name="createContactWithOrganizationTest" time="24.81"/>
  <testcase classname="vTiger.OrganizationsTests.CreateOrganizationTest" name="createOrganization" time="12.552"/>
  <testcase classname="vTiger.GenericLibrary.BaseClass" name="@BeforeSuite bsConfig" time="0.0">
    <ignored/>
  </testcase> <!-- @BeforeSuite bsConfig -->
  <testcase classname="vTiger.GenericLibrary.BaseClass" name="@BeforeSuite bsConfig" time="0.0">
    <ignored/>
  </testcase> <!-- @BeforeSuite bsConfig -->
  <testcase classname="vTiger.GenericLibrary.BaseClass" name="@AfterSuite asCConfig" time="0.0">
    <ignored/>
  </testcase> <!-- @AfterSuite asCConfig -->
  <testcase classname="vTiger.GenericLibrary.BaseClass" name="@AfterSuite asCConfig" time="0.0">
    <ignored/>
  </testcase> <!-- @AfterSuite asCConfig -->
</testsuite> <!-- Test -->
