<?xml version="1.0" encoding="UTF-8"?>
<testng-results ignored="0" total="1" passed="1" failed="0" skipped="0">
  <reporter-output>
  </reporter-output>
  <suite started-at="2022-11-18T01:30:29 IST" name="Default suite" finished-at="2022-11-18T01:30:29 IST" duration-ms="48">
    <groups>
    </groups>
    <test started-at="2022-11-18T01:30:29 IST" name="Default test" finished-at="2022-11-18T01:30:29 IST" duration-ms="48">
      <class name="vTigerPractice.ReadDataFromCmdLine">
        <test-method signature="readData()[pri:0, instance:vTigerPractice.ReadDataFromCmdLine@7714e963]" started-at="2022-11-18T01:30:29 IST" name="readData" finished-at="2022-11-18T01:30:29 IST" duration-ms="8" status="PASS">
          <reporter-output>
          </reporter-output>
        </test-method> <!-- readData -->
      </class> <!-- vTigerPractice.ReadDataFromCmdLine -->
    </test> <!-- Default test -->
  </suite> <!-- Default suite -->
</testng-results>
